Transcribing audio stream, press Ctrl+C to stop.
---
Current text: Waiting for speech...
---
Current text: <|startoftranscript|><|nocaptions|>
---
Current text: 
---
Unconfirmed segment: <|startoftranscript|><|nocaptions|><|endoftext|>
Current text: 
---
Unconfirmed segment: <|startoftranscript|><|nocaptions|><|endoftext|>
Current text: Waiting for speech...
---
Unconfirmed segment: <|startoftranscript|><|nocaptions|><|endoftext|>
Current text: <|startoftranscript|><|en|>
---
Unconfirmed segment: <|startoftranscript|><|nocaptions|><|endoftext|>
Current text: <|startoftranscript|><|en|><|transcribe|>
---
Unconfirmed segment: <|startoftranscript|><|nocaptions|><|endoftext|>
Current text: <|startoftranscript|><|en|><|transcribe|><|notimestamps|>
---
Unconfirmed segment: <|startoftranscript|><|nocaptions|><|endoftext|>
Current text: <|startoftranscript|><|en|><|transcribe|><|notimestamps|> Testing
---
Unconfirmed segment: <|startoftranscript|><|nocaptions|><|endoftext|>
Current text: <|startoftranscript|><|en|><|transcribe|><|notimestamps|> Testing,
---
Unconfirmed segment: <|startoftranscript|><|nocaptions|><|endoftext|>
Current text: <|startoftranscript|><|en|><|transcribe|><|notimestamps|> Testing, testing
---
Unconfirmed segment: <|startoftranscript|><|nocaptions|><|endoftext|>
Current text: <|startoftranscript|><|en|><|transcribe|><|notimestamps|> Testing, testing,
---
Unconfirmed segment: <|startoftranscript|><|nocaptions|><|endoftext|>
Current text: <|startoftranscript|><|en|><|transcribe|><|notimestamps|> Testing, testing, testing
---
Unconfirmed segment: <|startoftranscript|><|nocaptions|><|endoftext|>
Current text: <|startoftranscript|><|en|><|transcribe|><|notimestamps|> Testing, testing, testing.
---
Unconfirmed segment: <|startoftranscript|><|nocaptions|><|endoftext|>
Current text: 
---
Unconfirmed segment: <|startoftranscript|><|en|><|transcribe|><|notimestamps|> Testing, testing, testing.<|endoftext|>
Current text: 
---
Unconfirmed segment: <|startoftranscript|><|en|><|transcribe|><|notimestamps|> Testing, testing, testing.<|endoftext|>
Current text: Waiting for speech...
---
Unconfirmed segment: <|startoftranscript|><|en|><|transcribe|><|notimestamps|> Testing, testing, testing.<|endoftext|>
Current text: <|startoftranscript|><|en|>
---
Unconfirmed segment: <|startoftranscript|><|en|><|transcribe|><|notimestamps|> Testing, testing, testing.<|endoftext|>
Current text: <|startoftranscript|><|en|><|transcribe|>
---
Unconfirmed segment: <|startoftranscript|><|en|><|transcribe|><|notimestamps|> Testing, testing, testing.<|endoftext|>
Current text: <|startoftranscript|><|en|><|transcribe|><|notimestamps|>
---
Unconfirmed segment: <|startoftranscript|><|en|><|transcribe|><|notimestamps|> Testing, testing, testing.<|endoftext|>
Current text: <|startoftranscript|><|en|><|transcribe|><|notimestamps|> Testing
---
Unconfirmed segment: <|startoftranscript|><|en|><|transcribe|><|notimestamps|> Testing, testing, testing.<|endoftext|>
Current text: <|startoftranscript|><|en|><|transcribe|><|notimestamps|> Testing,
---
Unconfirmed segment: <|startoftranscript|><|en|><|transcribe|><|notimestamps|> Testing, testing, testing.<|endoftext|>
Current text: <|startoftranscript|><|en|><|transcribe|><|notimestamps|> Testing, testing
---
Unconfirmed segment: <|startoftranscript|><|en|><|transcribe|><|notimestamps|> Testing, testing, testing.<|endoftext|>
Current text: <|startoftranscript|><|en|><|transcribe|><|notimestamps|> Testing, testing,
---
Unconfirmed segment: <|startoftranscript|><|en|><|transcribe|><|notimestamps|> Testing, testing, testing.<|endoftext|>
Current text: <|startoftranscript|><|en|><|transcribe|><|notimestamps|> Testing, testing, testing
---
Unconfirmed segment: <|startoftranscript|><|en|><|transcribe|><|notimestamps|> Testing, testing, testing.<|endoftext|>
Current text: <|startoftranscript|><|en|><|transcribe|><|notimestamps|> Testing, testing, testing.
---
Unconfirmed segment: <|startoftranscript|><|en|><|transcribe|><|notimestamps|> Testing, testing, testing.<|endoftext|>
Current text: 
---
Unconfirmed segment: